<?xml version="1.0" encoding="UTF-8"?>
<!-- Generated by org.testng.reporters.JUnitXMLReporter -->
<testsuite ignored="0" hostname="Droidica" failures="0" tests="6" name="Default test" time="11.282" errors="0" timestamp="2019-12-26T19:40:41 CET">
  <testcase classname="page.tests.LeftMenuTestNG" name="birds" time="1.33"/>
  <testcase classname="page.tests.LeftMenuTestNG" name="cat" time="0.903"/>
  <testcase classname="page.tests.LeftMenuTestNG" name="dog" time="1.126"/>
  <testcase classname="page.tests.LeftMenuTestNG" name="fish" time="0.877"/>
  <testcase classname="page.tests.LeftMenuTestNG" name="reptiles" time="0.916"/>
  <testcase classname="page.tests.LeftMenuTestNG" name="signIn" time="0.98"/>
</testsuite> <!-- Default test -->
