<?xml version="1.0" encoding="UTF-8"?>
<testng-results ignored="0" total="6" passed="6" failed="0" skipped="0">
  <reporter-output>
  </reporter-output>
  <suite started-at="2019-12-26T19:40:30 CET" name="Default suite" finished-at="2019-12-26T19:40:41 CET" duration-ms="11282">
    <groups>
    </groups>
    <test started-at="2019-12-26T19:40:30 CET" name="Default test" finished-at="2019-12-26T19:40:41 CET" duration-ms="11282">
      <class name="page.tests.LeftMenuTestNG">
        <test-method is-config="true" signature="beforeClass()[pri:0, instance:page.tests.LeftMenuTestNG@7995092a]" started-at="2019-12-26T19:40:30 CET" name="beforeClass" finished-at="2019-12-26T19:40:35 CET" duration-ms="4991" status="PASS">
          <reporter-output>
          </reporter-output>
        </test-method> <!-- beforeClass -->
        <test-method signature="birds()[pri:0, instance:page.tests.LeftMenuTestNG@7995092a]" started-at="2019-12-26T19:40:35 CET" name="birds" finished-at="2019-12-26T19:40:36 CET" duration-ms="1330" status="PASS">
          <reporter-output>
          </reporter-output>
        </test-method> <!-- birds -->
        <test-method signature="cat()[pri:0, instance:page.tests.LeftMenuTestNG@7995092a]" started-at="2019-12-26T19:40:36 CET" name="cat" finished-at="2019-12-26T19:40:37 CET" duration-ms="903" status="PASS">
          <reporter-output>
          </reporter-output>
        </test-method> <!-- cat -->
        <test-method signature="dog()[pri:0, instance:page.tests.LeftMenuTestNG@7995092a]" started-at="2019-12-26T19:40:37 CET" name="dog" finished-at="2019-12-26T19:40:38 CET" duration-ms="1126" status="PASS">
          <reporter-output>
          </reporter-output>
        </test-method> <!-- dog -->
        <test-method signature="fish()[pri:0, instance:page.tests.LeftMenuTestNG@7995092a]" started-at="2019-12-26T19:40:38 CET" name="fish" finished-at="2019-12-26T19:40:39 CET" duration-ms="877" status="PASS">
          <reporter-output>
          </reporter-output>
        </test-method> <!-- fish -->
        <test-method signature="reptiles()[pri:0, instance:page.tests.LeftMenuTestNG@7995092a]" started-at="2019-12-26T19:40:39 CET" name="reptiles" finished-at="2019-12-26T19:40:40 CET" duration-ms="916" status="PASS">
          <reporter-output>
          </reporter-output>
        </test-method> <!-- reptiles -->
        <test-method signature="signIn()[pri:0, instance:page.tests.LeftMenuTestNG@7995092a]" started-at="2019-12-26T19:40:40 CET" name="signIn" finished-at="2019-12-26T19:40:41 CET" duration-ms="980" status="PASS">
          <reporter-output>
          </reporter-output>
        </test-method> <!-- signIn -->
      </class> <!-- page.tests.LeftMenuTestNG -->
    </test> <!-- Default test -->
  </suite> <!-- Default suite -->
</testng-results>
